039B0C:  43F8  lea     $FFFFC000.w, A1 D0:0000018C D1:00000000 D2:00000000 D3:FFFF0000 D4:001001F0 D5:0000FFFF D6:00000034 D7:0000FFFF A0:FFFFCA10 A1:FFFFC000 A2:FFFFE65E A3:FFFFCAB0 A4:FFFFA400 A5:FFFFCA10 A6:FFFFCD80 A7:00FFFDF0 SR:2000 USP:00000000 xnzvc
039B10:  1028  move.b  ($16,A0), D0 D0:00000101 D1:00000000 D2:00000000 D3:FFFF0000 D4:001001F0 D5:0000FFFF D6:00000034 D7:0000FFFF A0:FFFFCA10 A1:FFFFC000 A2:FFFFE65E A3:FFFFCAB0 A4:FFFFA400 A5:FFFFCA10 A6:FFFFCD80 A7:00FFFDF0 SR:2000 USP:00000000 xnzvc
039B14:  0240  andi.w  #$7F, D0 D0:00000001 D1:00000000 D2:00000000 D3:FFFF0000 D4:001001F0 D5:0000FFFF D6:00000034 D7:0000FFFF A0:FFFFCA10 A1:FFFFC000 A2:FFFFE65E A3:FFFFCAB0 A4:FFFFA400 A5:FFFFCA10 A6:FFFFCD80 A7:00FFFDF0 SR:2000 USP:00000000 xnzvc
039B18:  D040  add.w   D0, D0 D0:00000002 D1:00000000 D2:00000000 D3:FFFF0000 D4:001001F0 D5:0000FFFF D6:00000034 D7:0000FFFF A0:FFFFCA10 A1:FFFFC000 A2:FFFFE65E A3:FFFFCAB0 A4:FFFFA400 A5:FFFFCA10 A6:FFFFCD80 A7:00FFFDF0 SR:2000 USP:00000000 xnzvc
039B1A:  D040  add.w   D0, D0 D0:00000004 D1:00000000 D2:00000000 D3:FFFF0000 D4:001001F0 D5:0000FFFF D6:00000034 D7:0000FFFF A0:FFFFCA10 A1:FFFFC000 A2:FFFFE65E A3:FFFFCAB0 A4:FFFFA400 A5:FFFFCA10 A6:FFFFCD80 A7:00FFFDF0 SR:2000 USP:00000000 xnzvc
039B1C:  4EFB  jmp     (PC,D0.w,2) D0:00000004 D1:00000000 D2:00000000 D3:FFFF0000 D4:001001F0 D5:0000FFFF D6:00000034 D7:0000FFFF A0:FFFFCA10 A1:FFFFC000 A2:FFFFE65E A3:FFFFCAB0 A4:FFFFA400 A5:FFFFCA10 A6:FFFFCD80 A7:00FFFDF0 SR:2000 USP:00000000 xnzvc
039B24:  6000  bra     $39C0E D0:00000004 D1:00000000 D2:00000000 D3:FFFF0000 D4:001001F0 D5:0000FFFF D6:00000034 D7:0000FFFF A0:FFFFCA10 A1:FFFFC000 A2:FFFFE65E A3:FFFFCAB0 A4:FFFFA400 A5:FFFFCA10 A6:FFFFCD80 A7:00FFFDF0 SR:2000 USP:00000000 xnzvc
039C0E:  45F9  lea     $39C82.l, A2 D0:00000004 D1:00000000 D2:00000000 D3:FFFF0000 D4:001001F0 D5:0000FFFF D6:00000034 D7:0000FFFF A0:FFFFCA10 A1:FFFFC000 A2:00039C82 A3:FFFFCAB0 A4:FFFFA400 A5:FFFFCA10 A6:FFFFCD80 A7:00FFFDF0 SR:2000 USP:00000000 xnzvc
039C14:  0C28  cmpi.b  #$1A, ($36,A0) D0:00000004 D1:00000000 D2:00000000 D3:FFFF0000 D4:001001F0 D5:0000FFFF D6:00000034 D7:0000FFFF A0:FFFFCA10 A1:FFFFC000 A2:00039C82 A3:FFFFCAB0 A4:FFFFA400 A5:FFFFCA10 A6:FFFFCD80 A7:00FFFDF0 SR:2000 USP:00000000 xnzvc
039C1A:  6C06  bge     $39C22 D0:00000004 D1:00000000 D2:00000000 D3:FFFF0000 D4:001001F0 D5:0000FFFF D6:00000034 D7:0000FFFF A0:FFFFCA10 A1:FFFFC000 A2:00039C82 A3:FFFFCAB0 A4:FFFFA400 A5:FFFFCA10 A6:FFFFCD80 A7:00FFFDF0 SR:2000 USP:00000000 xnzvc
00039C1C 45F9  lea     $39C92.l, A2
039C22:  3029  move.w  ($20,A1), D0 D0:0000036F D1:00000000 D2:00000000 D3:FFFF0000 D4:001001F0 D5:0000FFFF D6:00000034 D7:0000FFFF A0:FFFFCA10 A1:FFFFC000 A2:00039C82 A3:FFFFCAB0 A4:FFFFA400 A5:FFFFCA10 A6:FFFFCD80 A7:00FFFDF0 SR:2000 USP:00000000 xnzvc
039C26:  9068  sub.w   ($20,A0), D0 D0:0000FFAF D1:00000000 D2:00000000 D3:FFFF0000 D4:001001F0 D5:0000FFFF D6:00000034 D7:0000FFFF A0:FFFFCA10 A1:FFFFC000 A2:00039C82 A3:FFFFCAB0 A4:FFFFA400 A5:FFFFCA10 A6:FFFFCD80 A7:00FFFDF0 SR:2019 USP:00000000 XNzvC
039C2A:  6A02  bpl     $39C2E D0:0000FFAF D1:00000000 D2:00000000 D3:FFFF0000 D4:001001F0 D5:0000FFFF D6:00000034 D7:0000FFFF A0:FFFFCA10 A1:FFFFC000 A2:00039C82 A3:FFFFCAB0 A4:FFFFA400 A5:FFFFCA10 A6:FFFFCD80 A7:00FFFDF0 SR:2019 USP:00000000 XNzvC
039C2C:  4440  neg.w   D0 D0:00000051 D1:00000000 D2:00000000 D3:FFFF0000 D4:001001F0 D5:0000FFFF D6:00000034 D7:0000FFFF A0:FFFFCA10 A1:FFFFC000 A2:00039C82 A3:FFFFCAB0 A4:FFFFA400 A5:FFFFCA10 A6:FFFFCD80 A7:00FFFDF0 SR:2011 USP:00000000 XnzvC
039C2E:  0C40  cmpi.w  #$38, D0 D0:00000051 D1:00000000 D2:00000000 D3:FFFF0000 D4:001001F0 D5:0000FFFF D6:00000034 D7:0000FFFF A0:FFFFCA10 A1:FFFFC000 A2:00039C82 A3:FFFFCAB0 A4:FFFFA400 A5:FFFFCA10 A6:FFFFCD80 A7:00FFFDF0 SR:2010 USP:00000000 Xnzvc
039C32:  6F04  ble     $39C38 D0:00000051 D1:00000000 D2:00000000 D3:FFFF0000 D4:001001F0 D5:0000FFFF D6:00000034 D7:0000FFFF A0:FFFFCA10 A1:FFFFC000 A2:00039C82 A3:FFFFCAB0 A4:FFFFA400 A5:FFFFCA10 A6:FFFFCD80 A7:00FFFDF0 SR:2010 USP:00000000 Xnzvc
039C34:  D4FC  adda.w  $8, A2 D0:00000051 D1:00000000 D2:00000000 D3:FFFF0000 D4:001001F0 D5:0000FFFF D6:00000034 D7:0000FFFF A0:FFFFCA10 A1:FFFFC000 A2:00039C8A A3:FFFFCAB0 A4:FFFFA400 A5:FFFFCA10 A6:FFFFCD80 A7:00FFFDF0 SR:2010 USP:00000000 Xnzvc
039C38:  3038  move.w  ($E63A), D0 D0:00000003 D1:00000000 D2:00000000 D3:FFFF0000 D4:001001F0 D5:0000FFFF D6:00000034 D7:0000FFFF A0:FFFFCA10 A1:FFFFC000 A2:00039C8A A3:FFFFCAB0 A4:FFFFA400 A5:FFFFCA10 A6:FFFFCD80 A7:00FFFDF0 SR:2010 USP:00000000 Xnzvc
039C3C:  5278  addq.w  #1, ($E63A) D0:00000003 D1:00000000 D2:00000000 D3:FFFF0000 D4:001001F0 D5:0000FFFF D6:00000034 D7:0000FFFF A0:FFFFCA10 A1:FFFFC000 A2:00039C8A A3:FFFFCAB0 A4:FFFFA400 A5:FFFFCA10 A6:FFFFCD80 A7:00FFFDF0 SR:2000 USP:00000000 xnzvc
039C40:  0278  andi.w  #$7, ($E63A) D0:00000003 D1:00000000 D2:00000000 D3:FFFF0000 D4:001001F0 D5:0000FFFF D6:00000034 D7:0000FFFF A0:FFFFCA10 A1:FFFFC000 A2:00039C8A A3:FFFFCAB0 A4:FFFFA400 A5:FFFFCA10 A6:FFFFCD80 A7:00FFFDF0 SR:2000 USP:00000000 xnzvc
039C46:  1032  move.b  (A2,D0.w), D0 D0:00000005 D1:00000000 D2:00000000 D3:FFFF0000 D4:001001F0 D5:0000FFFF D6:00000034 D7:0000FFFF A0:FFFFCA10 A1:FFFFC000 A2:00039C8A A3:FFFFCAB0 A4:FFFFA400 A5:FFFFCA10 A6:FFFFCD80 A7:00FFFDF0 SR:2000 USP:00000000 xnzvc
039C4A:  0C00  cmpi.b  #$4, D0 D0:00000005 D1:00000000 D2:00000000 D3:FFFF0000 D4:001001F0 D5:0000FFFF D6:00000034 D7:0000FFFF A0:FFFFCA10 A1:FFFFC000 A2:00039C8A A3:FFFFCAB0 A4:FFFFA400 A5:FFFFCA10 A6:FFFFCD80 A7:00FFFDF0 SR:2000 USP:00000000 xnzvc
039C4E:  660A  bne     $39C5A D0:00000005 D1:00000000 D2:00000000 D3:FFFF0000 D4:001001F0 D5:0000FFFF D6:00000034 D7:0000FFFF A0:FFFFCA10 A1:FFFFC000 A2:00039C8A A3:FFFFCAB0 A4:FFFFA400 A5:FFFFCA10 A6:FFFFCD80 A7:00FFFDF0 SR:2000 USP:00000000 xnzvc
00039C50 4A38  tst.b   ($E67B)
00039C54 6704  beq     $39C5A
00039C56 103C  move.b  $2, D0
039C5A:  1140  move.b  D0, ($16,A0) D0:00000005 D1:00000000 D2:00000000 D3:FFFF0000 D4:001001F0 D5:0000FFFF D6:00000034 D7:0000FFFF A0:FFFFCA10 A1:FFFFC000 A2:00039C8A A3:FFFFCAB0 A4:FFFFA400 A5:FFFFCA10 A6:FFFFCD80 A7:00FFFDF0 SR:2000 USP:00000000 xnzvc
039C5E:  3678  movea.w ($E630), A3 D0:00000005 D1:00000000 D2:00000000 D3:FFFF0000 D4:001001F0 D5:0000FFFF D6:00000034 D7:0000FFFF A0:FFFFCA10 A1:FFFFC000 A2:00039C8A A3:FFFFC8D0 A4:FFFFA400 A5:FFFFCA10 A6:FFFFCD80 A7:00FFFDF0 SR:2000 USP:00000000 xnzvc
039C62:  1740  move.b  D0, ($16,A3) D0:00000005 D1:00000000 D2:00000000 D3:FFFF0000 D4:001001F0 D5:0000FFFF D6:00000034 D7:0000FFFF A0:FFFFCA10 A1:FFFFC000 A2:00039C8A A3:FFFFC8D0 A4:FFFFA400 A5:FFFFCA10 A6:FFFFCD80 A7:00FFFDF0 SR:2000 USP:00000000 xnzvc
039C66:  3678  movea.w ($E632), A3 D0:00000005 D1:00000000 D2:00000000 D3:FFFF0000 D4:001001F0 D5:0000FFFF D6:00000034 D7:0000FFFF A0:FFFFCA10 A1:FFFFC000 A2:00039C8A A3:FFFFC920 A4:FFFFA400 A5:FFFFCA10 A6:FFFFCD80 A7:00FFFDF0 SR:2000 USP:00000000 xnzvc
039C6A:  1740  move.b  D0, ($16,A3) D0:00000005 D1:00000000 D2:00000000 D3:FFFF0000 D4:001001F0 D5:0000FFFF D6:00000034 D7:0000FFFF A0:FFFFCA10 A1:FFFFC000 A2:00039C8A A3:FFFFC920 A4:FFFFA400 A5:FFFFCA10 A6:FFFFCD80 A7:00FFFDF0 SR:2000 USP:00000000 xnzvc
039C6E:  3678  movea.w ($E62C), A3 D0:00000005 D1:00000000 D2:00000000 D3:FFFF0000 D4:001001F0 D5:0000FFFF D6:00000034 D7:0000FFFF A0:FFFFCA10 A1:FFFFC000 A2:00039C8A A3:FFFFC970 A4:FFFFA400 A5:FFFFCA10 A6:FFFFCD80 A7:00FFFDF0 SR:2000 USP:00000000 xnzvc
039C72:  1740  move.b  D0, ($16,A3) D0:00000005 D1:00000000 D2:00000000 D3:FFFF0000 D4:001001F0 D5:0000FFFF D6:00000034 D7:0000FFFF A0:FFFFCA10 A1:FFFFC000 A2:00039C8A A3:FFFFC970 A4:FFFFA400 A5:FFFFCA10 A6:FFFFCD80 A7:00FFFDF0 SR:2000 USP:00000000 xnzvc
039C76:  3678  movea.w ($E62E), A3 D0:00000005 D1:00000000 D2:00000000 D3:FFFF0000 D4:001001F0 D5:0000FFFF D6:00000034 D7:0000FFFF A0:FFFFCA10 A1:FFFFC000 A2:00039C8A A3:FFFFC9C0 A4:FFFFA400 A5:FFFFCA10 A6:FFFFCD80 A7:00FFFDF0 SR:2000 USP:00000000 xnzvc
039C7A:  1740  move.b  D0, ($16,A3) D0:00000005 D1:00000000 D2:00000000 D3:FFFF0000 D4:001001F0 D5:0000FFFF D6:00000034 D7:0000FFFF A0:FFFFCA10 A1:FFFFC000 A2:00039C8A A3:FFFFC9C0 A4:FFFFA400 A5:FFFFCA10 A6:FFFFCD80 A7:00FFFDF0 SR:2000 USP:00000000 xnzvc
